<?xml version="1.0" encoding="UTF-8"?>
<!-- Generated by org.testng.reporters.JUnitReportReporter -->
<testsuite hostname="DESKTOP-C1MKRN8" failures="0" tests="1" name="APIAutomation.getRequest" time="1.919" errors="0" timestamp="2025-01-07T16:02:49 IST" skipped="0">
  <testcase classname="APIAutomation.getRequest" name="getResult" time="1.919"/>
</testsuite> <!-- APIAutomation.getRequest -->
