<?xml version="1.0" encoding="UTF-8"?>
<!-- Generated by org.testng.reporters.JUnitReportReporter -->
<testsuite hostname="DESKTOP-C1MKRN8" failures="0" tests="1" name="EbayAddToKart.AddToKart" time="8.860" errors="0" timestamp="2025-01-07T15:46:26 IST" skipped="0">
  <testcase classname="EbayAddToKart.AddToKart" name="verifyItemCanBeAddedToCart" time="8.860"/>
</testsuite> <!-- EbayAddToKart.AddToKart -->
