<?xml version="1.0" encoding="UTF-8"?>
<!-- Generated by org.testng.reporters.JUnitReportReporter -->
<testsuite hostname="DESKTOP-C1MKRN8" failures="0" tests="1" name="postResult.GetToken" time="0.007" errors="0" timestamp="2024-12-25T12:18:30 IST" skipped="0">
  <testcase classname="postResult.GetToken" name="getTokenId" time="0.007"/>
</testsuite> <!-- postResult.GetToken -->
